<?xml version="1.0" encoding="UTF-8"?>
<testng-results ignored="0" total="9" passed="8" failed="1" skipped="0">
  <reporter-output>
  </reporter-output>
  <suite started-at="2025-06-30T22:03:13 IST" name="Suite" finished-at="2025-06-30T22:03:13 IST" duration-ms="78">
    <groups>
      <group name="somke">
        <method signature="day2.demo4()[pri:0, instance:testngtutorial.day2@27406a17]" name="demo4" class="testngtutorial.day2"/>
      </group> <!-- somke -->
      <group name="smoke">
        <method signature="day1.API()[pri:0, instance:testngtutorial.day1@69e153c5]" name="API" class="testngtutorial.day1"/>
        <method signature="day3.demo8()[pri:0, instance:testngtutorial.day3@2af004b]" name="demo8" class="testngtutorial.day3"/>
      </group> <!-- smoke -->
    </groups>
    <test started-at="2025-06-30T22:03:13 IST" name="Test" finished-at="2025-06-30T22:03:13 IST" duration-ms="78">
      <class name="testngtutorial.day2">
        <test-method signature="demo4()[pri:0, instance:testngtutorial.day2@27406a17]" started-at="2025-06-30T22:03:13 IST" name="demo4" finished-at="2025-06-30T22:03:13 IST" duration-ms="2" status="PASS">
          <reporter-output>
          </reporter-output>
        </test-method> <!-- demo4 -->
        <test-method signature="demo5(java.lang.String)[pri:0, instance:testngtutorial.day2@27406a17]" started-at="2025-06-30T22:03:13 IST" name="demo5" finished-at="2025-06-30T22:03:13 IST" duration-ms="1" status="PASS">
          <params>
            <param index="0">
              <value>
                <![CDATA[https:adikesava.com]]>
              </value>
            </param>
          </params>
          <reporter-output>
          </reporter-output>
        </test-method> <!-- demo5 -->
        <test-method signature="demo6()[pri:0, instance:testngtutorial.day2@27406a17]" started-at="2025-06-30T22:03:13 IST" name="demo6" finished-at="2025-06-30T22:03:13 IST" duration-ms="1" status="PASS">
          <reporter-output>
          </reporter-output>
        </test-method> <!-- demo6 -->
      </class> <!-- testngtutorial.day2 -->
      <class name="testngtutorial.day1">
        <test-method is-config="true" signature="demo3()[pri:0, instance:testngtutorial.day1@69e153c5]" started-at="2025-06-30T22:03:13 IST" name="demo3" finished-at="2025-06-30T22:03:13 IST" duration-ms="8" status="PASS">
          <reporter-output>
          </reporter-output>
        </test-method> <!-- demo3 -->
        <test-method signature="API()[pri:0, instance:testngtutorial.day1@69e153c5]" started-at="2025-06-30T22:03:13 IST" name="API" finished-at="2025-06-30T22:03:13 IST" duration-ms="5" status="PASS">
          <reporter-output>
          </reporter-output>
        </test-method> <!-- API -->
        <test-method signature="demo1()[pri:0, instance:testngtutorial.day1@69e153c5]" started-at="2025-06-30T22:03:13 IST" name="demo1" finished-at="2025-06-30T22:03:13 IST" duration-ms="0" status="PASS">
          <reporter-output>
          </reporter-output>
        </test-method> <!-- demo1 -->
      </class> <!-- testngtutorial.day1 -->
      <class name="testngtutorial.day4">
        <test-method is-config="true" signature="demo13()[pri:0, instance:testngtutorial.day4@248e319b]" started-at="2025-06-30T22:03:13 IST" name="demo13" finished-at="2025-06-30T22:03:13 IST" duration-ms="1" status="PASS">
          <reporter-output>
          </reporter-output>
        </test-method> <!-- demo13 -->
        <test-method is-config="true" signature="demo12()[pri:0, instance:testngtutorial.day4@248e319b]" started-at="2025-06-30T22:03:13 IST" name="demo12" finished-at="2025-06-30T22:03:13 IST" duration-ms="1" status="PASS">
          <reporter-output>
          </reporter-output>
        </test-method> <!-- demo12 -->
        <test-method signature="demo11(java.lang.String)[pri:0, instance:testngtutorial.day4@248e319b]" started-at="2025-06-30T22:03:13 IST" name="demo11" finished-at="2025-06-30T22:03:13 IST" duration-ms="0" status="FAIL">
          <exception class="org.testng.TestNGException">
            <message>
              <![CDATA[
Cannot inject @Test annotated Method [demo11] with [class java.lang.String].
For more information on native dependency injection please refer to https://testng.org/#_dependency_injection]]>
            </message>
            <full-stacktrace>
              <![CDATA[org.testng.TestNGException: 
Cannot inject @Test annotated Method [demo11] with [class java.lang.String].
For more information on native dependency injection please refer to https://testng.org/#_dependency_injection
at org.testng.internal.Parameters.checkParameterTypes(Parameters.java:442)
at org.testng.internal.Parameters.createParametersForMethod(Parameters.java:347)
at org.testng.internal.Parameters.createParameters(Parameters.java:699)
at org.testng.internal.Parameters.handleParameters(Parameters.java:885)
at org.testng.internal.Parameters.handleParameters(Parameters.java:734)
at org.testng.internal.invokers.ParameterHandler.handleParameters(ParameterHandler.java:72)
at org.testng.internal.invokers.ParameterHandler.createParameters(ParameterHandler.java:51)
at org.testng.internal.invokers.TestInvoker$MethodInvocationAgent.invoke(TestInvoker.java:949)
at org.testng.internal.invokers.TestInvoker.invokeTestMethods(TestInvoker.java:203)
at org.testng.internal.invokers.TestMethodWorker.invokeTestMethods(TestMethodWorker.java:154)
at org.testng.internal.invokers.TestMethodWorker.run(TestMethodWorker.java:134)
at java.base/java.util.ArrayList.forEach(ArrayList.java:1596)
at org.testng.TestRunner.privateRun(TestRunner.java:741)
at org.testng.TestRunner.run(TestRunner.java:616)
at org.testng.SuiteRunner.runTest(SuiteRunner.java:421)
at org.testng.SuiteRunner.runSequentially(SuiteRunner.java:413)
at org.testng.SuiteRunner.privateRun(SuiteRunner.java:373)
at org.testng.SuiteRunner.run(SuiteRunner.java:312)
at org.testng.SuiteRunnerWorker.runSuite(SuiteRunnerWorker.java:52)
at org.testng.SuiteRunnerWorker.run(SuiteRunnerWorker.java:95)
at org.testng.TestNG.runSuitesSequentially(TestNG.java:1274)
at org.testng.TestNG.runSuitesLocally(TestNG.java:1208)
at org.testng.TestNG.runSuites(TestNG.java:1112)
at org.testng.TestNG.run(TestNG.java:1079)
at org.testng.remote.AbstractRemoteTestNG.run(AbstractRemoteTestNG.java:115)
at org.testng.remote.RemoteTestNG.initAndRun(RemoteTestNG.java:293)
at org.testng.remote.RemoteTestNG.main(RemoteTestNG.java:91)
]]>
            </full-stacktrace>
          </exception> <!-- org.testng.TestNGException -->
          <reporter-output>
          </reporter-output>
        </test-method> <!-- demo11 -->
        <test-method is-config="true" signature="demo10()[pri:0, instance:testngtutorial.day4@248e319b]" started-at="2025-06-30T22:03:13 IST" name="demo10" finished-at="2025-06-30T22:03:13 IST" duration-ms="0" status="PASS">
          <reporter-output>
          </reporter-output>
        </test-method> <!-- demo10 -->
      </class> <!-- testngtutorial.day4 -->
      <class name="testngtutorial.day3">
        <test-method signature="demo7()[pri:0, instance:testngtutorial.day3@2af004b]" started-at="2025-06-30T22:03:13 IST" name="demo7" finished-at="2025-06-30T22:03:13 IST" duration-ms="1" status="PASS">
          <reporter-output>
          </reporter-output>
        </test-method> <!-- demo7 -->
        <test-method signature="demo8()[pri:0, instance:testngtutorial.day3@2af004b]" started-at="2025-06-30T22:03:13 IST" name="demo8" finished-at="2025-06-30T22:03:13 IST" duration-ms="2" status="PASS">
          <reporter-output>
          </reporter-output>
        </test-method> <!-- demo8 -->
        <test-method signature="demo9()[pri:0, instance:testngtutorial.day3@2af004b]" started-at="2025-06-30T22:03:13 IST" name="demo9" finished-at="2025-06-30T22:03:13 IST" duration-ms="1" status="PASS">
          <reporter-output>
          </reporter-output>
        </test-method> <!-- demo9 -->
      </class> <!-- testngtutorial.day3 -->
    </test> <!-- Test -->
  </suite> <!-- Suite -->
</testng-results>
