<?xml version="1.0" encoding="UTF-8"?>
<!-- Generated by org.testng.reporters.JUnitXMLReporter -->
<testsuite ignored="0" hostname="Reddy_Katimi" failures="1" tests="9" name="Test" time="0.078" errors="0" timestamp="2025-06-30T22:03:13 IST">
  <testcase classname="testngtutorial.day1" name="API" time="0.005"/>
  <testcase classname="testngtutorial.day1" name="demo1" time="0.0"/>
  <testcase classname="testngtutorial.day2" name="demo4" time="0.002"/>
  <testcase classname="testngtutorial.day2" name="demo5" time="0.001"/>
  <testcase classname="testngtutorial.day2" name="demo6" time="0.001"/>
  <testcase classname="testngtutorial.day3" name="demo7" time="0.001"/>
  <testcase classname="testngtutorial.day3" name="demo8" time="0.002"/>
  <testcase classname="testngtutorial.day3" name="demo9" time="0.001"/>
  <testcase classname="testngtutorial.day4" name="demo11" time="0.0">
    <failure type="org.testng.TestNGException" message="
Cannot inject @Test annotated Method [demo11] with [class java.lang.String].
For more information on native dependency injection please refer to https://testng.org/#_dependency_injection">
      <![CDATA[org.testng.TestNGException: 
Cannot inject @Test annotated Method [demo11] with [class java.lang.String].
For more information on native dependency injection please refer to https://testng.org/#_dependency_injection
at java.base/java.util.ArrayList.forEach(ArrayList.java:1596)
... Removed 26 stack frames]]>
    </failure>
  </testcase> <!-- demo11 -->
</testsuite> <!-- Test -->
